# JRE version: OpenJDK Runtime Environment (11.0.11+9) (build 11.0.11+9-b60-7590822)
# Java VM: OpenJDK 64-Bit Server VM (11.0.11+9-b60-7590822, mixed mode, tiered, compressed oops, g1 gc, windows-amd64)
Heap:
 garbage-first heap   total 258048K, used 124174K [0x0000000080000000, 0x0000000100000000)
  region size 1024K, 35 young (35840K), 8 survivors (8192K)
 Metaspace       used 95020K, capacity 97327K, committed 97404K, reserved 1134592K
  class space    used 12120K, capacity 13011K, committed 13056K, reserved 1048576K
GC Heap History (20 events):
Event: 11.250 GC heap before
{Heap before GC invocations=8 (full 0):
 garbage-first heap   total 258048K, used 169430K [0x0000000080000000, 0x0000000100000000)
  region size 1024K, 141 young (144384K), 13 survivors (13312K)
 Metaspace       used 53502K, capacity 54832K, committed 55164K, reserved 1097728K
  class space    used 6833K, capacity 7343K, committed 7424K, reserved 1048576K
}
Event: 11.265 GC heap after
{Heap after GC invocations=9 (full 0):
 garbage-first heap   total 258048K, used 49853K [0x0000000080000000, 0x0000000100000000)
  region size 1024K, 18 young (18432K), 18 survivors (18432K)
 Metaspace       used 53502K, capacity 54832K, committed 55164K, reserved 1097728K
  class space    used 6833K, capacity 7343K, committed 7424K, reserved 1048576K
}
Event: 11.880 GC heap before
{Heap before GC invocations=9 (full 0):
 garbage-first heap   total 258048K, used 80573K [0x0000000080000000, 0x0000000100000000)
  region size 1024K, 49 young (50176K), 18 survivors (18432K)
 Metaspace       used 58431K, capacity 59774K, committed 59900K, reserved 1101824K
  class space    used 7419K, capacity 7942K, committed 8064K, reserved 1048576K
}
Event: 11.902 GC heap after
{Heap after GC invocations=10 (full 0):
 garbage-first heap   total 258048K, used 52720K [0x0000000080000000, 0x0000000100000000)
  region size 1024K, 3 young (3072K), 3 survivors (3072K)
 Metaspace       used 58431K, capacity 59774K, committed 59900K, reserved 1101824K
  class space    used 7419K, capacity 7942K, committed 8064K, reserved 1048576K
}
Event: 13.416 GC heap before
{Heap before GC invocations=11 (full 0):
 garbage-first heap   total 258048K, used 143856K [0x0000000080000000, 0x0000000100000000)
  region size 1024K, 92 young (94208K), 3 survivors (3072K)
 Metaspace       used 66836K, capacity 68294K, committed 68348K, reserved 1107968K
  class space    used 8473K, capacity 9038K, committed 9088K, reserved 1048576K
}
Event: 13.423 GC heap after
{Heap after GC invocations=12 (full 0):
 garbage-first heap   total 258048K, used 57703K [0x0000000080000000, 0x0000000100000000)
  region size 1024K, 8 young (8192K), 8 survivors (8192K)
 Metaspace       used 66836K, capacity 68294K, committed 68348K, reserved 1107968K
  class space    used 8473K, capacity 9038K, committed 9088K, reserved 1048576K
}
Event: 15.001 GC heap before
{Heap before GC invocations=12 (full 0):
 garbage-first heap   total 258048K, used 153959K [0x0000000080000000, 0x0000000100000000)
  region size 1024K, 102 young (104448K), 8 survivors (8192K)
 Metaspace       used 73666K, capacity 75205K, committed 75388K, reserved 1114112K
  class space    used 9518K, capacity 10121K, committed 10240K, reserved 1048576K
}
Event: 15.009 GC heap after
{Heap after GC invocations=13 (full 0):
 garbage-first heap   total 258048K, used 64871K [0x0000000080000000, 0x0000000100000000)
  region size 1024K, 13 young (13312K), 13 survivors (13312K)
 Metaspace       used 73666K, capacity 75205K, committed 75388K, reserved 1114112K
  class space    used 9518K, capacity 10121K, committed 10240K, reserved 1048576K
}
Event: 16.758 GC heap before
{Heap before GC invocations=13 (full 0):
 garbage-first heap   total 258048K, used 164199K [0x0000000080000000, 0x0000000100000000)
  region size 1024K, 110 young (112640K), 13 survivors (13312K)
 Metaspace       used 83039K, capacity 84904K, committed 84988K, reserved 1122304K
  class space    used 10831K, capacity 11585K, committed 11648K, reserved 1048576K
}
Event: 16.774 GC heap after
{Heap after GC invocations=14 (full 0):
 garbage-first heap   total 258048K, used 71971K [0x0000000080000000, 0x0000000100000000)
  region size 1024K, 14 young (14336K), 14 survivors (14336K)
 Metaspace       used 83039K, capacity 84904K, committed 84988K, reserved 1122304K
  class space    used 10831K, capacity 11585K, committed 11648K, reserved 1048576K
}
Event: 18.210 GC heap before
{Heap before GC invocations=14 (full 0):
 garbage-first heap   total 258048K, used 172323K [0x0000000080000000, 0x0000000100000000)
  region size 1024K, 113 young (115712K), 14 survivors (14336K)
 Metaspace       used 85558K, capacity 87614K, committed 87932K, reserved 1126400K
  class space    used 11133K, capacity 11946K, committed 12032K, reserved 1048576K
}
Event: 18.225 GC heap after
{Heap after GC invocations=15 (full 0):
 garbage-first heap   total 258048K, used 79668K [0x0000000080000000, 0x0000000100000000)
  region size 1024K, 15 young (15360K), 15 survivors (15360K)
 Metaspace       used 85558K, capacity 87614K, committed 87932K, reserved 1126400K
  class space    used 11133K, capacity 11946K, committed 12032K, reserved 1048576K
}
Event: 19.952 GC heap before
{Heap before GC invocations=15 (full 0):
 garbage-first heap   total 258048K, used 180020K [0x0000000080000000, 0x0000000100000000)
  region size 1024K, 114 young (116736K), 15 survivors (15360K)
 Metaspace       used 91439K, capacity 93584K, committed 93692K, reserved 1130496K
  class space    used 11848K, capacity 12664K, committed 12672K, reserved 1048576K
}
Event: 19.965 GC heap after
{Heap after GC invocations=16 (full 0):
 garbage-first heap   total 258048K, used 85815K [0x0000000080000000, 0x0000000100000000)
  region size 1024K, 14 young (14336K), 14 survivors (14336K)
 Metaspace       used 91439K, capacity 93584K, committed 93692K, reserved 1130496K
  class space    used 11848K, capacity 12664K, committed 12672K, reserved 1048576K
}
Event: 36.204 GC heap before
{Heap before GC invocations=16 (full 0):
 garbage-first heap   total 258048K, used 187191K [0x0000000080000000, 0x0000000100000000)
  region size 1024K, 114 young (116736K), 14 survivors (14336K)
 Metaspace       used 93153K, capacity 95363K, committed 95484K, reserved 1132544K
  class space    used 12041K, capacity 12872K, committed 12928K, reserved 1048576K
}
Event: 36.219 GC heap after
{Heap after GC invocations=17 (full 0):
 garbage-first heap   total 258048K, used 92786K [0x0000000080000000, 0x0000000100000000)
  region size 1024K, 13 young (13312K), 13 survivors (13312K)
 Metaspace       used 93153K, capacity 95363K, committed 95484K, reserved 1132544K
  class space    used 12041K, capacity 12872K, committed 12928K, reserved 1048576K
}
Event: 52.060 GC heap before
{Heap before GC invocations=17 (full 0):
 garbage-first heap   total 258048K, used 193138K [0x0000000080000000, 0x0000000100000000)
  region size 1024K, 112 young (114688K), 13 survivors (13312K)
 Metaspace       used 94180K, capacity 96426K, committed 96508K, reserved 1132544K
  class space    used 12065K, capacity 12913K, committed 12928K, reserved 1048576K
}
Event: 52.076 GC heap after
{Heap after GC invocations=18 (full 0):
 garbage-first heap   total 258048K, used 95735K [0x0000000080000000, 0x0000000100000000)
  region size 1024K, 5 young (5120K), 5 survivors (5120K)
 Metaspace       used 94180K, capacity 96426K, committed 96508K, reserved 1132544K
  class space    used 12065K, capacity 12913K, committed 12928K, reserved 1048576K
}
Event: 60.206 GC heap before
{Heap before GC invocations=18 (full 0):
 garbage-first heap   total 258048K, used 197111K [0x0000000080000000, 0x0000000100000000)
  region size 1024K, 105 young (107520K), 5 survivors (5120K)
 Metaspace       used 94887K, capacity 97191K, committed 97404K, reserved 1134592K
  class space    used 12107K, capacity 12990K, committed 13056K, reserved 1048576K
}
Event: 60.214 GC heap after
{Heap after GC invocations=19 (full 0):
 garbage-first heap   total 258048K, used 98574K [0x0000000080000000, 0x0000000100000000)
  region size 1024K, 8 young (8192K), 8 survivors (8192K)
 Metaspace       used 94887K, capacity 97191K, committed 97404K, reserved 1134592K
  class space    used 12107K, capacity 12990K, committed 13056K, reserved 1048576K
}

