# JRE version: OpenJDK Runtime Environment (11.0.11+9) (build 11.0.11+9-b60-7590822)
# Java VM: OpenJDK 64-Bit Server VM (11.0.11+9-b60-7590822, mixed mode, tiered, compressed oops, g1 gc, windows-amd64)
Heap:
 garbage-first heap   total 258048K, used 189619K [0x0000000080000000, 0x0000000100000000)
  region size 1024K, 99 young (101376K), 9 survivors (9216K)
 Metaspace       used 95050K, capacity 97390K, committed 97404K, reserved 1134592K
  class space    used 12148K, capacity 13053K, committed 13056K, reserved 1048576K
GC Heap History (20 events):
Event: 6.786 GC heap before
{Heap before GC invocations=6 (full 0):
 garbage-first heap   total 258048K, used 138194K [0x0000000080000000, 0x0000000100000000)
  region size 1024K, 116 young (118784K), 6 survivors (6144K)
 Metaspace       used 44358K, capacity 45393K, committed 45692K, reserved 1089536K
  class space    used 5692K, capacity 6090K, committed 6144K, reserved 1048576K
}
Event: 6.796 GC heap after
{Heap after GC invocations=7 (full 0):
 garbage-first heap   total 258048K, used 29356K [0x0000000080000000, 0x0000000100000000)
  region size 1024K, 13 young (13312K), 13 survivors (13312K)
 Metaspace       used 44358K, capacity 45393K, committed 45692K, reserved 1089536K
  class space    used 5692K, capacity 6090K, committed 6144K, reserved 1048576K
}
Event: 8.480 GC heap before
{Heap before GC invocations=7 (full 0):
 garbage-first heap   total 258048K, used 164524K [0x0000000080000000, 0x0000000100000000)
  region size 1024K, 136 young (139264K), 13 survivors (13312K)
 Metaspace       used 51610K, capacity 52904K, committed 52988K, reserved 1095680K
  class space    used 6580K, capacity 7040K, committed 7040K, reserved 1048576K
}
Event: 8.492 GC heap after
{Heap after GC invocations=8 (full 0):
 garbage-first heap   total 258048K, used 49461K [0x0000000080000000, 0x0000000100000000)
  region size 1024K, 17 young (17408K), 17 survivors (17408K)
 Metaspace       used 51610K, capacity 52904K, committed 52988K, reserved 1095680K
  class space    used 6580K, capacity 7040K, committed 7040K, reserved 1048576K
}
Event: 9.212 GC heap before
{Heap before GC invocations=8 (full 0):
 garbage-first heap   total 258048K, used 93493K [0x0000000080000000, 0x0000000100000000)
  region size 1024K, 61 young (62464K), 17 survivors (17408K)
 Metaspace       used 58324K, capacity 59782K, committed 59900K, reserved 1101824K
  class space    used 7423K, capacity 7965K, committed 8064K, reserved 1048576K
}
Event: 9.233 GC heap after
{Heap after GC invocations=9 (full 0):
 garbage-first heap   total 258048K, used 53361K [0x0000000080000000, 0x0000000100000000)
  region size 1024K, 4 young (4096K), 4 survivors (4096K)
 Metaspace       used 58324K, capacity 59782K, committed 59900K, reserved 1101824K
  class space    used 7423K, capacity 7965K, committed 8064K, reserved 1048576K
}
Event: 10.530 GC heap before
{Heap before GC invocations=10 (full 0):
 garbage-first heap   total 258048K, used 151665K [0x0000000080000000, 0x0000000100000000)
  region size 1024K, 100 young (102400K), 4 survivors (4096K)
 Metaspace       used 67133K, capacity 68614K, committed 68732K, reserved 1110016K
  class space    used 8535K, capacity 9099K, committed 9216K, reserved 1048576K
}
Event: 10.537 GC heap after
{Heap after GC invocations=11 (full 0):
 garbage-first heap   total 258048K, used 58728K [0x0000000080000000, 0x0000000100000000)
  region size 1024K, 9 young (9216K), 9 survivors (9216K)
 Metaspace       used 67133K, capacity 68614K, committed 68732K, reserved 1110016K
  class space    used 8535K, capacity 9099K, committed 9216K, reserved 1048576K
}
Event: 12.068 GC heap before
{Heap before GC invocations=11 (full 0):
 garbage-first heap   total 258048K, used 161128K [0x0000000080000000, 0x0000000100000000)
  region size 1024K, 109 young (111616K), 9 survivors (9216K)
 Metaspace       used 74734K, capacity 76460K, committed 76540K, reserved 1116160K
  class space    used 9690K, capacity 10341K, committed 10368K, reserved 1048576K
}
Event: 12.080 GC heap after
{Heap after GC invocations=12 (full 0):
 garbage-first heap   total 258048K, used 66149K [0x0000000080000000, 0x0000000100000000)
  region size 1024K, 14 young (14336K), 14 survivors (14336K)
 Metaspace       used 74734K, capacity 76460K, committed 76540K, reserved 1116160K
  class space    used 9690K, capacity 10341K, committed 10368K, reserved 1048576K
}
Event: 14.016 GC heap before
{Heap before GC invocations=12 (full 0):
 garbage-first heap   total 258048K, used 170597K [0x0000000080000000, 0x0000000100000000)
  region size 1024K, 116 young (118784K), 14 survivors (14336K)
 Metaspace       used 84392K, capacity 86366K, committed 86524K, reserved 1124352K
  class space    used 11047K, capacity 11801K, committed 11904K, reserved 1048576K
}
Event: 14.035 GC heap after
{Heap after GC invocations=13 (full 0):
 garbage-first heap   total 258048K, used 73589K [0x0000000080000000, 0x0000000100000000)
  region size 1024K, 15 young (15360K), 15 survivors (15360K)
 Metaspace       used 84392K, capacity 86366K, committed 86524K, reserved 1124352K
  class space    used 11047K, capacity 11801K, committed 11904K, reserved 1048576K
}
Event: 15.252 GC heap before
{Heap before GC invocations=13 (full 0):
 garbage-first heap   total 258048K, used 178037K [0x0000000080000000, 0x0000000100000000)
  region size 1024K, 118 young (120832K), 15 survivors (15360K)
 Metaspace       used 86117K, capacity 88220K, committed 88572K, reserved 1126400K
  class space    used 11231K, capacity 12039K, committed 12160K, reserved 1048576K
}
Event: 15.268 GC heap after
{Heap after GC invocations=14 (full 0):
 garbage-first heap   total 258048K, used 81528K [0x0000000080000000, 0x0000000100000000)
  region size 1024K, 15 young (15360K), 15 survivors (15360K)
 Metaspace       used 86117K, capacity 88220K, committed 88572K, reserved 1126400K
  class space    used 11231K, capacity 12039K, committed 12160K, reserved 1048576K
}
Event: 16.525 GC heap before
{Heap before GC invocations=14 (full 0):
 garbage-first heap   total 258048K, used 185976K [0x0000000080000000, 0x0000000100000000)
  region size 1024K, 118 young (120832K), 15 survivors (15360K)
 Metaspace       used 91917K, capacity 94032K, committed 94076K, reserved 1130496K
  class space    used 11938K, capacity 12768K, committed 12800K, reserved 1048576K
}
Event: 16.542 GC heap after
{Heap after GC invocations=15 (full 0):
 garbage-first heap   total 258048K, used 87531K [0x0000000080000000, 0x0000000100000000)
  region size 1024K, 14 young (14336K), 14 survivors (14336K)
 Metaspace       used 91917K, capacity 94032K, committed 94076K, reserved 1130496K
  class space    used 11938K, capacity 12768K, committed 12800K, reserved 1048576K
}
Event: 55.713 GC heap before
{Heap before GC invocations=15 (full 0):
 garbage-first heap   total 258048K, used 191979K [0x0000000080000000, 0x0000000100000000)
  region size 1024K, 117 young (119808K), 14 survivors (14336K)
 Metaspace       used 93521K, capacity 95720K, committed 95868K, reserved 1132544K
  class space    used 12080K, capacity 12934K, committed 13056K, reserved 1048576K
}
Event: 55.732 GC heap after
{Heap after GC invocations=16 (full 0):
 garbage-first heap   total 258048K, used 96045K [0x0000000080000000, 0x0000000100000000)
  region size 1024K, 15 young (15360K), 15 survivors (15360K)
 Metaspace       used 93521K, capacity 95720K, committed 95868K, reserved 1132544K
  class space    used 12080K, capacity 12934K, committed 13056K, reserved 1048576K
}
Event: 91.479 GC heap before
{Heap before GC invocations=16 (full 0):
 garbage-first heap   total 258048K, used 195373K [0x0000000080000000, 0x0000000100000000)
  region size 1024K, 113 young (115712K), 15 survivors (15360K)
 Metaspace       used 94410K, capacity 96681K, committed 96892K, reserved 1132544K
  class space    used 12112K, capacity 12988K, committed 13056K, reserved 1048576K
}
Event: 91.492 GC heap after
{Heap after GC invocations=17 (full 0):
 garbage-first heap   total 258048K, used 99507K [0x0000000080000000, 0x0000000100000000)
  region size 1024K, 9 young (9216K), 9 survivors (9216K)
 Metaspace       used 94410K, capacity 96681K, committed 96892K, reserved 1132544K
  class space    used 12112K, capacity 12988K, committed 13056K, reserved 1048576K
}

